<?xml version="1.0" encoding="UTF-8"?>
<testng-results skipped="0" failed="1" ignored="0" total="1" passed="0">
  <reporter-output>
  </reporter-output>
  <suite name="UI Test" duration-ms="49557" started-at="2019-07-29T22:55:02Z" finished-at="2019-07-29T22:55:52Z">
    <groups>
    </groups>
    <test name="Test" duration-ms="49557" started-at="2019-07-29T22:55:02Z" finished-at="2019-07-29T22:55:52Z">
      <class name="AppTest">
        <test-method status="PASS" signature="setUpBeforeClass(java.lang.String, java.lang.String)[pri:0, instance:AppTest@773f7880]" name="setUpBeforeClass" is-config="true" duration-ms="392" started-at="2019-07-29T22:55:02Z" finished-at="2019-07-29T22:55:02Z">
          <params>
            <param index="0">
              <value>
                <![CDATA[native-android]]>
              </value>
            </param>
            <param index="1">
              <value>
                <![CDATA[emulator-5554]]>
              </value>
            </param>
          </params>
          <reporter-output>
          </reporter-output>
        </test-method> <!-- setUpBeforeClass -->
        <test-method status="PASS" signature="setUp(java.lang.String, java.lang.String, java.lang.String, java.lang.String, java.lang.String, java.lang.String, java.lang.String, java.lang.String, java.lang.String, java.lang.String)[pri:0, instance:AppTest@773f7880]" name="setUp" is-config="true" duration-ms="36244" started-at="2019-07-29T22:55:02Z" finished-at="2019-07-29T22:55:38Z">
          <params>
            <param index="0">
              <value>
                <![CDATA[1.9.1]]>
              </value>
            </param>
            <param index="1">
              <value>
                <![CDATA[7]]>
              </value>
            </param>
            <param index="2">
              <value>
                <![CDATA[Android]]>
              </value>
            </param>
            <param index="3">
              <value>
                <![CDATA[Appium]]>
              </value>
            </param>
            <param index="4">
              <value>
                <![CDATA[emulator-5554]]>
              </value>
            </param>
            <param index="5">
              <value>
                <![CDATA[]]>
              </value>
            </param>
            <param index="6">
              <value>
                <![CDATA[com.vodafone.aeyejenkins.MainActivity]]>
              </value>
            </param>
            <param index="7">
              <value>
                <![CDATA[com.vodafone.aeyejenkins]]>
              </value>
            </param>
            <param index="8">
              <value>
                <![CDATA[]]>
              </value>
            </param>
            <param index="9">
              <value>
                <![CDATA[http://127.0.0.1:4723/wd/hub]]>
              </value>
            </param>
          </params>
          <reporter-output>
          </reporter-output>
        </test-method> <!-- setUp -->
        <test-method status="FAIL" signature="test()[pri:0, instance:AppTest@773f7880]" name="test" duration-ms="6571" started-at="2019-07-29T22:55:38Z" finished-at="2019-07-29T22:55:45Z">
          <exception class="java.lang.AssertionError">
            <message>
              <![CDATA[UI issue is found]]>
            </message>
            <full-stacktrace>
              <![CDATA[java.lang.AssertionError: UI issue is found
at org.testng.Assert.fail(Assert.java:96)
at AppTest.test(AppTest.java:16)
at sun.reflect.NativeMethodAccessorImpl.invoke0(Native Method)
at sun.reflect.NativeMethodAccessorImpl.invoke(NativeMethodAccessorImpl.java:62)
at sun.reflect.DelegatingMethodAccessorImpl.invoke(DelegatingMethodAccessorImpl.java:43)
at java.lang.reflect.Method.invoke(Method.java:498)
at org.testng.internal.MethodInvocationHelper.invokeMethod(MethodInvocationHelper.java:124)
at org.testng.internal.Invoker.invokeMethod(Invoker.java:583)
at org.testng.internal.Invoker.invokeTestMethod(Invoker.java:719)
at org.testng.internal.Invoker.invokeTestMethods(Invoker.java:989)
at org.testng.internal.TestMethodWorker.invokeTestMethods(TestMethodWorker.java:125)
at org.testng.internal.TestMethodWorker.run(TestMethodWorker.java:109)
at org.testng.TestRunner.privateRun(TestRunner.java:648)
at org.testng.TestRunner.run(TestRunner.java:505)
at org.testng.SuiteRunner.runTest(SuiteRunner.java:455)
at org.testng.SuiteRunner.runSequentially(SuiteRunner.java:450)
at org.testng.SuiteRunner.privateRun(SuiteRunner.java:415)
at org.testng.SuiteRunner.run(SuiteRunner.java:364)
at org.testng.SuiteRunnerWorker.runSuite(SuiteRunnerWorker.java:52)
at org.testng.SuiteRunnerWorker.run(SuiteRunnerWorker.java:84)
at org.testng.TestNG.runSuitesSequentially(TestNG.java:1208)
at org.testng.TestNG.runSuitesLocally(TestNG.java:1137)
at org.testng.TestNG.runSuites(TestNG.java:1049)
at org.testng.TestNG.run(TestNG.java:1017)
at org.apache.maven.surefire.testng.TestNGExecutor.run(TestNGExecutor.java:283)
at org.apache.maven.surefire.testng.TestNGXmlTestSuite.execute(TestNGXmlTestSuite.java:75)
at org.apache.maven.surefire.testng.TestNGProvider.invoke(TestNGProvider.java:120)
at org.apache.maven.surefire.booter.ForkedBooter.invokeProviderInSameClassLoader(ForkedBooter.java:384)
at org.apache.maven.surefire.booter.ForkedBooter.runSuitesInProcess(ForkedBooter.java:345)
at org.apache.maven.surefire.booter.ForkedBooter.execute(ForkedBooter.java:126)
at org.apache.maven.surefire.booter.ForkedBooter.main(ForkedBooter.java:418)
]]>
            </full-stacktrace>
          </exception> <!-- java.lang.AssertionError -->
          <reporter-output>
          </reporter-output>
        </test-method> <!-- test -->
        <test-method status="PASS" signature="tearDownAfterClass()[pri:0, instance:AppTest@773f7880]" name="tearDownAfterClass" is-config="true" duration-ms="4" started-at="2019-07-29T22:55:45Z" finished-at="2019-07-29T22:55:45Z">
          <reporter-output>
          </reporter-output>
        </test-method> <!-- tearDownAfterClass -->
        <test-method status="PASS" signature="tearDown()[pri:0, instance:AppTest@773f7880]" name="tearDown" is-config="true" duration-ms="6209" started-at="2019-07-29T22:55:45Z" finished-at="2019-07-29T22:55:52Z">
          <reporter-output>
          </reporter-output>
        </test-method> <!-- tearDown -->
      </class> <!-- AppTest -->
    </test> <!-- Test -->
  </suite> <!-- UI Test -->
</testng-results>
